<?xml version="1.0" encoding="UTF-8"?>
<!-- Generated by org.testng.reporters.JUnitXMLReporter -->
<testsuite hostname="PAM123" name="Sanity TestCases" tests="3" failures="2" timestamp="5 May 2017 08:11:02 GMT" time="186.016" errors="0">
  <testcase name="placeOrderBySearch" time="111.053" classname="app.fynd.Tests.PlaceOrderSanity"/>
  <testcase name="placeOrderByBanner" time="37.125" classname="app.fynd.Tests.PlaceOrderSanity">
    <failure type="org.openqa.selenium.NoSuchElementException" message="Can&amp;apos;t locate an element by this strategy: Locator map: 
- native content: &amp;quot;By.AndroidUIAutomator: new UiSelector().resourceId(&amp;quot;co.go.fynd:id/marked_down_price&amp;quot;)&amp;quot; 
- html content: &amp;quot;by id or name &amp;quot;productPrice&amp;quot;&amp;quot;
For documentation on this error, please visit: http://seleniumhq.org/exceptions/no_such_element.html
Build info: version: &amp;apos;2.53.1&amp;apos;, revision: &amp;apos;a36b8b1cd5757287168e54b817830adce9b0158d&amp;apos;, time: &amp;apos;2016-06-30 19:26:09&amp;apos;
System info: host: &amp;apos;PAM123&amp;apos;, ip: &amp;apos;169.254.197.17&amp;apos;, os.name: &amp;apos;Windows 7&amp;apos;, os.arch: &amp;apos;amd64&amp;apos;, os.version: &amp;apos;6.1&amp;apos;, java.version: &amp;apos;1.8.0_121&amp;apos;
Driver info: driver.version: unknown">
      <![CDATA[org.openqa.selenium.NoSuchElementException: Can't locate an element by this strategy: Locator map: 
- native content: "By.AndroidUIAutomator: new UiSelector().resourceId("co.go.fynd:id/marked_down_price")" 
- html content: "by id or name "productPrice""
For documentation on this error, please visit: http://seleniumhq.org/exceptions/no_such_element.html
Build info: version: '2.53.1', revision: 'a36b8b1cd5757287168e54b817830adce9b0158d', time: '2016-06-30 19:26:09'
System info: host: 'PAM123', ip: '169.254.197.17', os.name: 'Windows 7', os.arch: 'amd64', os.version: '6.1', java.version: '1.8.0_121'
Driver info: driver.version: unknown
	at io.appium.java_client.pagefactory.AppiumElementLocator.findElement(AppiumElementLocator.java:110)
	at io.appium.java_client.pagefactory.interceptors.InterceptorOfASingleElement.intercept(InterceptorOfASingleElement.java:57)
	at io.appium.java_client.android.AndroidElement$$EnhancerByCGLIB$$c0b591f0.getText(<generated>)
	at app.fynd.Pages.MajorFlowSanityPage.selectProduct(MajorFlowSanityPage.java:302)
	at app.fynd.Tests.PlaceOrderSanity.placeOrderByBanner(PlaceOrderSanity.java:111)
... Removed 24 stack frames]]>
    </failure>
  </testcase> <!-- placeOrderByBanner -->
  <testcase name="placeOrderByNotification" time="33.042" classname="app.fynd.Tests.PlaceOrderSanity">
    <failure type="org.openqa.selenium.NoSuchElementException" message="Can&amp;apos;t locate an element by this strategy: Locator map: 
- native content: &amp;quot;By.AndroidUIAutomator: new UiSelector().resourceId(&amp;quot;co.go.fynd:id/action_notification&amp;quot;)&amp;quot; 
- html content: &amp;quot;by id or name &amp;quot;notificationIcon&amp;quot;&amp;quot;
For documentation on this error, please visit: http://seleniumhq.org/exceptions/no_such_element.html
Build info: version: &amp;apos;2.53.1&amp;apos;, revision: &amp;apos;a36b8b1cd5757287168e54b817830adce9b0158d&amp;apos;, time: &amp;apos;2016-06-30 19:26:09&amp;apos;
System info: host: &amp;apos;PAM123&amp;apos;, ip: &amp;apos;169.254.197.17&amp;apos;, os.name: &amp;apos;Windows 7&amp;apos;, os.arch: &amp;apos;amd64&amp;apos;, os.version: &amp;apos;6.1&amp;apos;, java.version: &amp;apos;1.8.0_121&amp;apos;
Driver info: driver.version: unknown">
      <![CDATA[org.openqa.selenium.NoSuchElementException: Can't locate an element by this strategy: Locator map: 
- native content: "By.AndroidUIAutomator: new UiSelector().resourceId("co.go.fynd:id/action_notification")" 
- html content: "by id or name "notificationIcon""
For documentation on this error, please visit: http://seleniumhq.org/exceptions/no_such_element.html
Build info: version: '2.53.1', revision: 'a36b8b1cd5757287168e54b817830adce9b0158d', time: '2016-06-30 19:26:09'
System info: host: 'PAM123', ip: '169.254.197.17', os.name: 'Windows 7', os.arch: 'amd64', os.version: '6.1', java.version: '1.8.0_121'
Driver info: driver.version: unknown
	at io.appium.java_client.pagefactory.AppiumElementLocator.findElement(AppiumElementLocator.java:110)
	at io.appium.java_client.pagefactory.interceptors.InterceptorOfASingleElement.intercept(InterceptorOfASingleElement.java:57)
	at io.appium.java_client.android.AndroidElement$$EnhancerByCGLIB$$c0b591f0.click(<generated>)
	at app.fynd.Pages.MajorFlowSanityPage.selectNotificationBanner(MajorFlowSanityPage.java:269)
	at app.fynd.Tests.PlaceOrderSanity.placeOrderByNotification(PlaceOrderSanity.java:145)
... Removed 24 stack frames]]>
    </failure>
  </testcase> <!-- placeOrderByNotification -->
</testsuite> <!-- Sanity TestCases -->
