<?xml version="1.0" encoding="UTF-8"?>
<testng-results skipped="3" failed="0" total="3" passed="0">
  <reporter-output>
  </reporter-output>
  <suite name="Default suite" duration-ms="15" started-at="2017-05-11T06:50:37Z" finished-at="2017-05-11T06:50:38Z">
    <groups>
    </groups>
    <test name="Default test" duration-ms="15" started-at="2017-05-11T06:50:37Z" finished-at="2017-05-11T06:50:38Z">
      <class name="app.fynd.Tests.PlaceOrderSanity">
        <test-method status="FAIL" signature="setUpAppium()[pri:0, instance:app.fynd.Tests.PlaceOrderSanity@4232c52b]" name="setUpAppium" is-config="true" duration-ms="0" started-at="2017-05-11T12:20:37Z" finished-at="2017-05-11T12:20:37Z">
          <exception class="org.openqa.selenium.SessionNotCreatedException">
            <message>
              <![CDATA[A new session could not be created. Details: Problem getting session data for driver type AndroidDriver; does it implement 'get driverData'? (WARNING: The server did not provide any stacktrace information)
Command duration or timeout: 113 milliseconds
Build info: version: '2.53.1', revision: 'a36b8b1cd5757287168e54b817830adce9b0158d', time: '2016-06-30 19:26:09'
System info: host: 'PAM123', ip: '169.254.6.203', os.name: 'Windows 7', os.arch: 'amd64', os.version: '6.1', java.version: '1.8.0_121'
Driver info: io.appium.java_client.android.AndroidDriver]]>
            </message>
            <full-stacktrace>
              <![CDATA[org.openqa.selenium.SessionNotCreatedException: A new session could not be created. Details: Problem getting session data for driver type AndroidDriver; does it implement 'get driverData'? (WARNING: The server did not provide any stacktrace information)
Command duration or timeout: 113 milliseconds
Build info: version: '2.53.1', revision: 'a36b8b1cd5757287168e54b817830adce9b0158d', time: '2016-06-30 19:26:09'
System info: host: 'PAM123', ip: '169.254.6.203', os.name: 'Windows 7', os.arch: 'amd64', os.version: '6.1', java.version: '1.8.0_121'
Driver info: io.appium.java_client.android.AndroidDriver
	at sun.reflect.NativeConstructorAccessorImpl.newInstance0(Native Method)
	at sun.reflect.NativeConstructorAccessorImpl.newInstance(Unknown Source)
	at sun.reflect.DelegatingConstructorAccessorImpl.newInstance(Unknown Source)
	at java.lang.reflect.Constructor.newInstance(Unknown Source)
	at org.openqa.selenium.remote.ErrorHandler.createThrowable(ErrorHandler.java:206)
	at org.openqa.selenium.remote.ErrorHandler.throwIfResponseFailed(ErrorHandler.java:158)
	at org.openqa.selenium.remote.RemoteWebDriver.execute(RemoteWebDriver.java:678)
	at io.appium.java_client.DefaultGenericMobileDriver.execute(DefaultGenericMobileDriver.java:40)
	at io.appium.java_client.AppiumDriver.execute(AppiumDriver.java:1)
	at io.appium.java_client.android.AndroidDriver.execute(AndroidDriver.java:1)
	at org.openqa.selenium.remote.RemoteWebDriver.startSession(RemoteWebDriver.java:249)
	at org.openqa.selenium.remote.RemoteWebDriver.<init>(RemoteWebDriver.java:131)
	at org.openqa.selenium.remote.RemoteWebDriver.<init>(RemoteWebDriver.java:144)
	at io.appium.java_client.DefaultGenericMobileDriver.<init>(DefaultGenericMobileDriver.java:36)
	at io.appium.java_client.AppiumDriver.<init>(AppiumDriver.java:114)
	at io.appium.java_client.AppiumDriver.<init>(AppiumDriver.java:132)
	at io.appium.java_client.android.AndroidDriver.<init>(AndroidDriver.java:92)
	at app.fynd.Tests.AbstractBaseTests.TestBase.setUpAppium(TestBase.java:91)
	at sun.reflect.NativeMethodAccessorImpl.invoke0(Native Method)
	at sun.reflect.NativeMethodAccessorImpl.invoke(Unknown Source)
	at sun.reflect.DelegatingMethodAccessorImpl.invoke(Unknown Source)
	at java.lang.reflect.Method.invoke(Unknown Source)
	at org.testng.internal.MethodInvocationHelper.invokeMethod(MethodInvocationHelper.java:84)
	at org.testng.internal.Invoker.invokeConfigurationMethod(Invoker.java:564)
	at org.testng.internal.Invoker.invokeConfigurations(Invoker.java:213)
	at org.testng.internal.Invoker.invokeConfigurations(Invoker.java:138)
	at org.testng.SuiteRunner.privateRun(SuiteRunner.java:291)
	at org.testng.SuiteRunner.run(SuiteRunner.java:254)
	at org.testng.SuiteRunnerWorker.runSuite(SuiteRunnerWorker.java:52)
	at org.testng.SuiteRunnerWorker.run(SuiteRunnerWorker.java:86)
	at org.testng.TestNG.runSuitesSequentially(TestNG.java:1224)
	at org.testng.TestNG.runSuitesLocally(TestNG.java:1149)
	at org.testng.TestNG.run(TestNG.java:1057)
	at org.testng.remote.AbstractRemoteTestNG.run(AbstractRemoteTestNG.java:132)
	at org.testng.remote.RemoteTestNG.initAndRun(RemoteTestNG.java:230)
	at org.testng.remote.RemoteTestNG.main(RemoteTestNG.java:76)
]]>
            </full-stacktrace>
          </exception> <!-- org.openqa.selenium.SessionNotCreatedException -->
          <reporter-output>
          </reporter-output>
        </test-method> <!-- setUpAppium -->
        <test-method status="SKIP" signature="setUpPage()[pri:0, instance:app.fynd.Tests.PlaceOrderSanity@4232c52b]" name="setUpPage" is-config="true" duration-ms="0" started-at="2017-05-11T12:20:37Z" finished-at="2017-05-11T12:20:37Z">
          <reporter-output>
          </reporter-output>
        </test-method> <!-- setUpPage -->
        <test-method status="SKIP" signature="navigateTo()[pri:0, instance:app.fynd.Tests.PlaceOrderSanity@4232c52b]" name="navigateTo" is-config="true" duration-ms="0" started-at="2017-05-11T12:20:38Z" finished-at="2017-05-11T12:20:38Z">
          <reporter-output>
          </reporter-output>
        </test-method> <!-- navigateTo -->
        <test-method status="SKIP" signature="placeOrderBySearch()[pri:0, instance:app.fynd.Tests.PlaceOrderSanity@4232c52b]" name="placeOrderBySearch" duration-ms="1" started-at="2017-05-11T12:20:38Z" finished-at="2017-05-11T12:20:38Z">
          <reporter-output>
          </reporter-output>
        </test-method> <!-- placeOrderBySearch -->
        <test-method status="SKIP" signature="placeOrderByBanner()[pri:0, instance:app.fynd.Tests.PlaceOrderSanity@4232c52b]" name="placeOrderByBanner" duration-ms="0" started-at="2017-05-11T12:20:38Z" depends-on-methods="app.fynd.Tests.PlaceOrderSanity.placeOrderBySearch" finished-at="2017-05-11T12:20:38Z">
          <reporter-output>
          </reporter-output>
        </test-method> <!-- placeOrderByBanner -->
        <test-method status="SKIP" signature="placeOrderByNotification()[pri:0, instance:app.fynd.Tests.PlaceOrderSanity@4232c52b]" name="placeOrderByNotification" duration-ms="0" started-at="2017-05-11T12:20:38Z" depends-on-methods="app.fynd.Tests.PlaceOrderSanity.placeOrderByBanner" finished-at="2017-05-11T12:20:38Z">
          <reporter-output>
          </reporter-output>
        </test-method> <!-- placeOrderByNotification -->
        <test-method status="SKIP" signature="restartApp()[pri:0, instance:app.fynd.Tests.PlaceOrderSanity@4232c52b]" name="restartApp" is-config="true" duration-ms="0" started-at="2017-05-11T12:20:38Z" finished-at="2017-05-11T12:20:38Z">
          <reporter-output>
          </reporter-output>
        </test-method> <!-- restartApp -->
        <test-method status="SKIP" signature="tearDownAppium()[pri:0, instance:app.fynd.Tests.PlaceOrderSanity@4232c52b]" name="tearDownAppium" is-config="true" duration-ms="0" started-at="2017-05-11T12:20:38Z" finished-at="2017-05-11T12:20:38Z">
          <reporter-output>
          </reporter-output>
        </test-method> <!-- tearDownAppium -->
      </class> <!-- app.fynd.Tests.PlaceOrderSanity -->
    </test> <!-- Default test -->
  </suite> <!-- Default suite -->
</testng-results>
